[1.046s] Invoking command in '/home/daniel/Documentos/Project_ws/inter/src/inter_node': DEBUGINFOD_URLS=https://debuginfod.ubuntu.com PYTHONPATH=/home/daniel/Documentos/Project_ws/inter/build/inter_node/prefix_override:/usr/lib/python3/dist-packages/colcon_core/task/python/colcon_distutils_commands:/home/daniel/Documentos/Project_ws/inter/install/inter_node/lib/python3.12/site-packages:${PYTHONPATH} /usr/bin/python3 -W ignore:setup.py install is deprecated -W ignore:easy_install command is deprecated setup.py egg_info --egg-base ../../build/inter_node build --build-base /home/daniel/Documentos/Project_ws/inter/build/inter_node/build install --record /home/daniel/Documentos/Project_ws/inter/build/inter_node/install.log --single-version-externally-managed install_data
[1.355s] running egg_info
[1.376s] writing ../../build/inter_node/inter_node.egg-info/PKG-INFO
[1.377s] writing dependency_links to ../../build/inter_node/inter_node.egg-info/dependency_links.txt
[1.377s] writing entry points to ../../build/inter_node/inter_node.egg-info/entry_points.txt
[1.377s] writing requirements to ../../build/inter_node/inter_node.egg-info/requires.txt
[1.377s] writing top-level names to ../../build/inter_node/inter_node.egg-info/top_level.txt
[1.417s] reading manifest file '../../build/inter_node/inter_node.egg-info/SOURCES.txt'
[1.418s] writing manifest file '../../build/inter_node/inter_node.egg-info/SOURCES.txt'
[1.419s] running build
[1.419s] running build_py
[1.419s] running install
[1.428s] running install_lib
[1.452s] running install_data
[1.452s] running install_egg_info
[1.474s] removing '/home/daniel/Documentos/Project_ws/inter/install/inter_node/lib/python3.12/site-packages/inter_node-0.0.0-py3.12.egg-info' (and everything under it)
[1.474s] Copying ../../build/inter_node/inter_node.egg-info to /home/daniel/Documentos/Project_ws/inter/install/inter_node/lib/python3.12/site-packages/inter_node-0.0.0-py3.12.egg-info
[1.475s] running install_scripts
[1.623s] Installing broker script to /home/daniel/Documentos/Project_ws/inter/install/inter_node/lib/inter_node
[1.623s] writing list of installed files to '/home/daniel/Documentos/Project_ws/inter/build/inter_node/install.log'
[1.659s] Invoked command in '/home/daniel/Documentos/Project_ws/inter/src/inter_node' returned '0': DEBUGINFOD_URLS=https://debuginfod.ubuntu.com PYTHONPATH=/home/daniel/Documentos/Project_ws/inter/build/inter_node/prefix_override:/usr/lib/python3/dist-packages/colcon_core/task/python/colcon_distutils_commands:/home/daniel/Documentos/Project_ws/inter/install/inter_node/lib/python3.12/site-packages:${PYTHONPATH} /usr/bin/python3 -W ignore:setup.py install is deprecated -W ignore:easy_install command is deprecated setup.py egg_info --egg-base ../../build/inter_node build --build-base /home/daniel/Documentos/Project_ws/inter/build/inter_node/build install --record /home/daniel/Documentos/Project_ws/inter/build/inter_node/install.log --single-version-externally-managed install_data
