[1.472s] Invoking command in '/home/daniel/Documentos/Project_ws/inter/src/inter_node': DEBUGINFOD_URLS=https://debuginfod.ubuntu.com PYTHONPATH=/home/daniel/Documentos/Project_ws/inter/build/inter_node/prefix_override:/usr/lib/python3/dist-packages/colcon_core/task/python/colcon_distutils_commands:/home/daniel/Documentos/Project_ws/inter/install/inter_node/lib/python3.12/site-packages:${PYTHONPATH} /usr/bin/python3 -W ignore:setup.py install is deprecated -W ignore:easy_install command is deprecated setup.py egg_info --egg-base ../../build/inter_node build --build-base /home/daniel/Documentos/Project_ws/inter/build/inter_node/build install --record /home/daniel/Documentos/Project_ws/inter/build/inter_node/install.log --single-version-externally-managed install_data
[1.953s] running egg_info
[1.987s] writing ../../build/inter_node/inter_node.egg-info/PKG-INFO
[1.987s] writing dependency_links to ../../build/inter_node/inter_node.egg-info/dependency_links.txt
[1.988s] writing entry points to ../../build/inter_node/inter_node.egg-info/entry_points.txt
[1.988s] writing requirements to ../../build/inter_node/inter_node.egg-info/requires.txt
[1.988s] writing top-level names to ../../build/inter_node/inter_node.egg-info/top_level.txt
[2.051s] reading manifest file '../../build/inter_node/inter_node.egg-info/SOURCES.txt'
[2.053s] writing manifest file '../../build/inter_node/inter_node.egg-info/SOURCES.txt'
[2.053s] running build
[2.053s] running build_py
[2.053s] copying inter_node/inter_node.py -> /home/daniel/Documentos/Project_ws/inter/build/inter_node/build/lib/inter_node
[2.054s] running install
[2.069s] running install_lib
[2.099s] copying /home/daniel/Documentos/Project_ws/inter/build/inter_node/build/lib/inter_node/inter_node.py -> /home/daniel/Documentos/Project_ws/inter/install/inter_node/lib/python3.12/site-packages/inter_node
[2.100s] byte-compiling /home/daniel/Documentos/Project_ws/inter/install/inter_node/lib/python3.12/site-packages/inter_node/inter_node.py to inter_node.cpython-312.pyc
[2.106s] running install_data
[2.107s] running install_egg_info
[2.147s] removing '/home/daniel/Documentos/Project_ws/inter/install/inter_node/lib/python3.12/site-packages/inter_node-0.0.0-py3.12.egg-info' (and everything under it)
[2.147s] Copying ../../build/inter_node/inter_node.egg-info to /home/daniel/Documentos/Project_ws/inter/install/inter_node/lib/python3.12/site-packages/inter_node-0.0.0-py3.12.egg-info
[2.148s] running install_scripts
[2.372s] Installing broker script to /home/daniel/Documentos/Project_ws/inter/install/inter_node/lib/inter_node
[2.373s] writing list of installed files to '/home/daniel/Documentos/Project_ws/inter/build/inter_node/install.log'
[2.429s] Invoked command in '/home/daniel/Documentos/Project_ws/inter/src/inter_node' returned '0': DEBUGINFOD_URLS=https://debuginfod.ubuntu.com PYTHONPATH=/home/daniel/Documentos/Project_ws/inter/build/inter_node/prefix_override:/usr/lib/python3/dist-packages/colcon_core/task/python/colcon_distutils_commands:/home/daniel/Documentos/Project_ws/inter/install/inter_node/lib/python3.12/site-packages:${PYTHONPATH} /usr/bin/python3 -W ignore:setup.py install is deprecated -W ignore:easy_install command is deprecated setup.py egg_info --egg-base ../../build/inter_node build --build-base /home/daniel/Documentos/Project_ws/inter/build/inter_node/build install --record /home/daniel/Documentos/Project_ws/inter/build/inter_node/install.log --single-version-externally-managed install_data
