running egg_info
creating ../../build/inter_node/inter_node.egg-info
writing ../../build/inter_node/inter_node.egg-info/PKG-INFO
writing dependency_links to ../../build/inter_node/inter_node.egg-info/dependency_links.txt
writing entry points to ../../build/inter_node/inter_node.egg-info/entry_points.txt
writing requirements to ../../build/inter_node/inter_node.egg-info/requires.txt
writing top-level names to ../../build/inter_node/inter_node.egg-info/top_level.txt
writing manifest file '../../build/inter_node/inter_node.egg-info/SOURCES.txt'
reading manifest file '../../build/inter_node/inter_node.egg-info/SOURCES.txt'
writing manifest file '../../build/inter_node/inter_node.egg-info/SOURCES.txt'
running build
running build_py
creating /home/daniel/Documentos/Project_ws/inter/build/inter_node/build
creating /home/daniel/Documentos/Project_ws/inter/build/inter_node/build/lib
creating /home/daniel/Documentos/Project_ws/inter/build/inter_node/build/lib/inter_node
copying inter_node/inter_node.py -> /home/daniel/Documentos/Project_ws/inter/build/inter_node/build/lib/inter_node
copying inter_node/__init__.py -> /home/daniel/Documentos/Project_ws/inter/build/inter_node/build/lib/inter_node
running install
running install_lib
creating /home/daniel/Documentos/Project_ws/inter/install/inter_node/lib/python3.12/site-packages/inter_node
copying /home/daniel/Documentos/Project_ws/inter/build/inter_node/build/lib/inter_node/inter_node.py -> /home/daniel/Documentos/Project_ws/inter/install/inter_node/lib/python3.12/site-packages/inter_node
copying /home/daniel/Documentos/Project_ws/inter/build/inter_node/build/lib/inter_node/__init__.py -> /home/daniel/Documentos/Project_ws/inter/install/inter_node/lib/python3.12/site-packages/inter_node
byte-compiling /home/daniel/Documentos/Project_ws/inter/install/inter_node/lib/python3.12/site-packages/inter_node/inter_node.py to inter_node.cpython-312.pyc
byte-compiling /home/daniel/Documentos/Project_ws/inter/install/inter_node/lib/python3.12/site-packages/inter_node/__init__.py to __init__.cpython-312.pyc
running install_data
creating /home/daniel/Documentos/Project_ws/inter/install/inter_node/share/ament_index
creating /home/daniel/Documentos/Project_ws/inter/install/inter_node/share/ament_index/resource_index
creating /home/daniel/Documentos/Project_ws/inter/install/inter_node/share/ament_index/resource_index/packages
copying resource/inter_node -> /home/daniel/Documentos/Project_ws/inter/install/inter_node/share/ament_index/resource_index/packages
copying package.xml -> /home/daniel/Documentos/Project_ws/inter/install/inter_node/share/inter_node
running install_egg_info
Copying ../../build/inter_node/inter_node.egg-info to /home/daniel/Documentos/Project_ws/inter/install/inter_node/lib/python3.12/site-packages/inter_node-0.0.0-py3.12.egg-info
running install_scripts
Installing broker script to /home/daniel/Documentos/Project_ws/inter/install/inter_node/lib/inter_node
writing list of installed files to '/home/daniel/Documentos/Project_ws/inter/build/inter_node/install.log'
