[1.173s] Invoking command in '/home/daniel/Documentos/Project_ws/inter/src/inter_node': DEBUGINFOD_URLS=https://debuginfod.ubuntu.com PYTHONPATH=/home/daniel/Documentos/Project_ws/inter/build/inter_node/prefix_override:/usr/lib/python3/dist-packages/colcon_core/task/python/colcon_distutils_commands:/home/daniel/Documentos/Project_ws/inter/install/inter_node/lib/python3.12/site-packages:${PYTHONPATH} /usr/bin/python3 -W ignore:setup.py install is deprecated -W ignore:easy_install command is deprecated setup.py egg_info --egg-base ../../build/inter_node build --build-base /home/daniel/Documentos/Project_ws/inter/build/inter_node/build install --record /home/daniel/Documentos/Project_ws/inter/build/inter_node/install.log --single-version-externally-managed install_data
[1.483s] running egg_info
[1.483s] creating ../../build/inter_node/inter_node.egg-info
[1.502s] writing ../../build/inter_node/inter_node.egg-info/PKG-INFO
[1.502s] writing dependency_links to ../../build/inter_node/inter_node.egg-info/dependency_links.txt
[1.502s] writing entry points to ../../build/inter_node/inter_node.egg-info/entry_points.txt
[1.503s] writing requirements to ../../build/inter_node/inter_node.egg-info/requires.txt
[1.503s] writing top-level names to ../../build/inter_node/inter_node.egg-info/top_level.txt
[1.503s] writing manifest file '../../build/inter_node/inter_node.egg-info/SOURCES.txt'
[1.542s] reading manifest file '../../build/inter_node/inter_node.egg-info/SOURCES.txt'
[1.543s] writing manifest file '../../build/inter_node/inter_node.egg-info/SOURCES.txt'
[1.543s] running build
[1.543s] running build_py
[1.544s] creating /home/daniel/Documentos/Project_ws/inter/build/inter_node/build
[1.544s] creating /home/daniel/Documentos/Project_ws/inter/build/inter_node/build/lib
[1.544s] creating /home/daniel/Documentos/Project_ws/inter/build/inter_node/build/lib/inter_node
[1.544s] copying inter_node/inter_node.py -> /home/daniel/Documentos/Project_ws/inter/build/inter_node/build/lib/inter_node
[1.544s] copying inter_node/__init__.py -> /home/daniel/Documentos/Project_ws/inter/build/inter_node/build/lib/inter_node
[1.544s] running install
[1.552s] running install_lib
[1.572s] creating /home/daniel/Documentos/Project_ws/inter/install/inter_node/lib/python3.12/site-packages/inter_node
[1.572s] copying /home/daniel/Documentos/Project_ws/inter/build/inter_node/build/lib/inter_node/inter_node.py -> /home/daniel/Documentos/Project_ws/inter/install/inter_node/lib/python3.12/site-packages/inter_node
[1.572s] copying /home/daniel/Documentos/Project_ws/inter/build/inter_node/build/lib/inter_node/__init__.py -> /home/daniel/Documentos/Project_ws/inter/install/inter_node/lib/python3.12/site-packages/inter_node
[1.573s] byte-compiling /home/daniel/Documentos/Project_ws/inter/install/inter_node/lib/python3.12/site-packages/inter_node/inter_node.py to inter_node.cpython-312.pyc
[1.573s] byte-compiling /home/daniel/Documentos/Project_ws/inter/install/inter_node/lib/python3.12/site-packages/inter_node/__init__.py to __init__.cpython-312.pyc
[1.573s] running install_data
[1.573s] creating /home/daniel/Documentos/Project_ws/inter/install/inter_node/share/ament_index
[1.573s] creating /home/daniel/Documentos/Project_ws/inter/install/inter_node/share/ament_index/resource_index
[1.573s] creating /home/daniel/Documentos/Project_ws/inter/install/inter_node/share/ament_index/resource_index/packages
[1.573s] copying resource/inter_node -> /home/daniel/Documentos/Project_ws/inter/install/inter_node/share/ament_index/resource_index/packages
[1.573s] copying package.xml -> /home/daniel/Documentos/Project_ws/inter/install/inter_node/share/inter_node
[1.574s] running install_egg_info
[1.594s] Copying ../../build/inter_node/inter_node.egg-info to /home/daniel/Documentos/Project_ws/inter/install/inter_node/lib/python3.12/site-packages/inter_node-0.0.0-py3.12.egg-info
[1.595s] running install_scripts
[1.730s] Installing broker script to /home/daniel/Documentos/Project_ws/inter/install/inter_node/lib/inter_node
[1.730s] writing list of installed files to '/home/daniel/Documentos/Project_ws/inter/build/inter_node/install.log'
[1.764s] Invoked command in '/home/daniel/Documentos/Project_ws/inter/src/inter_node' returned '0': DEBUGINFOD_URLS=https://debuginfod.ubuntu.com PYTHONPATH=/home/daniel/Documentos/Project_ws/inter/build/inter_node/prefix_override:/usr/lib/python3/dist-packages/colcon_core/task/python/colcon_distutils_commands:/home/daniel/Documentos/Project_ws/inter/install/inter_node/lib/python3.12/site-packages:${PYTHONPATH} /usr/bin/python3 -W ignore:setup.py install is deprecated -W ignore:easy_install command is deprecated setup.py egg_info --egg-base ../../build/inter_node build --build-base /home/daniel/Documentos/Project_ws/inter/build/inter_node/build install --record /home/daniel/Documentos/Project_ws/inter/build/inter_node/install.log --single-version-externally-managed install_data
