[0.491s] Invoking command in '/home/daniel/Documentos/Project_ws/inter/src/inter_node': DEBUGINFOD_URLS=https://debuginfod.ubuntu.com PYTHONPATH=/home/daniel/Documentos/Project_ws/inter/build/inter_node/prefix_override:/usr/lib/python3/dist-packages/colcon_core/task/python/colcon_distutils_commands:/home/daniel/Documentos/Project_ws/inter/install/inter_node/lib/python3.12/site-packages:${PYTHONPATH} /usr/bin/python3 -W ignore:setup.py install is deprecated -W ignore:easy_install command is deprecated setup.py egg_info --egg-base ../../build/inter_node build --build-base /home/daniel/Documentos/Project_ws/inter/build/inter_node/build install --record /home/daniel/Documentos/Project_ws/inter/build/inter_node/install.log --single-version-externally-managed install_data
[0.660s] running egg_info
[0.671s] writing ../../build/inter_node/inter_node.egg-info/PKG-INFO
[0.671s] writing dependency_links to ../../build/inter_node/inter_node.egg-info/dependency_links.txt
[0.671s] writing entry points to ../../build/inter_node/inter_node.egg-info/entry_points.txt
[0.671s] writing requirements to ../../build/inter_node/inter_node.egg-info/requires.txt
[0.671s] writing top-level names to ../../build/inter_node/inter_node.egg-info/top_level.txt
[0.694s] reading manifest file '../../build/inter_node/inter_node.egg-info/SOURCES.txt'
[0.694s] writing manifest file '../../build/inter_node/inter_node.egg-info/SOURCES.txt'
[0.694s] running build
[0.694s] running build_py
[0.694s] running install
[0.699s] running install_lib
[0.710s] running install_data
[0.710s] running install_egg_info
[0.722s] removing '/home/daniel/Documentos/Project_ws/inter/install/inter_node/lib/python3.12/site-packages/inter_node-0.0.0-py3.12.egg-info' (and everything under it)
[0.722s] Copying ../../build/inter_node/inter_node.egg-info to /home/daniel/Documentos/Project_ws/inter/install/inter_node/lib/python3.12/site-packages/inter_node-0.0.0-py3.12.egg-info
[0.722s] running install_scripts
[0.797s] Installing broker script to /home/daniel/Documentos/Project_ws/inter/install/inter_node/lib/inter_node
[0.797s] writing list of installed files to '/home/daniel/Documentos/Project_ws/inter/build/inter_node/install.log'
[0.814s] Invoked command in '/home/daniel/Documentos/Project_ws/inter/src/inter_node' returned '0': DEBUGINFOD_URLS=https://debuginfod.ubuntu.com PYTHONPATH=/home/daniel/Documentos/Project_ws/inter/build/inter_node/prefix_override:/usr/lib/python3/dist-packages/colcon_core/task/python/colcon_distutils_commands:/home/daniel/Documentos/Project_ws/inter/install/inter_node/lib/python3.12/site-packages:${PYTHONPATH} /usr/bin/python3 -W ignore:setup.py install is deprecated -W ignore:easy_install command is deprecated setup.py egg_info --egg-base ../../build/inter_node build --build-base /home/daniel/Documentos/Project_ws/inter/build/inter_node/build install --record /home/daniel/Documentos/Project_ws/inter/build/inter_node/install.log --single-version-externally-managed install_data
